<?xml version="1.0" encoding="UTF-8"?>
<testsuite xmlns:xsi="http://www.w3.org/2001/XMLSchema-instance" xsi:noNamespaceSchemaLocation="https://maven.apache.org/surefire/maven-surefire-plugin/xsd/surefire-test-report-3.0.xsd" version="3.0" name="com.example.card.CardApplicationTests" time="10.885" tests="1" errors="0" skipped="0" failures="0">
  <properties>
[...]
</properties>
  <testcase name="contextLoads" classname="com.example.card.CardApplicationTests" time="1.05">
    <system-out><![CDATA[22:22:34.044 [main] INFO org.springframework.test.context.support.AnnotationConfigContextLoaderUtils -- Could not detect default configuration classes for test class [com.example.card.CardApplicationTests]: CardApplicationTests does not declare any static, non-private, non-final, nested classes annotated with @Configuration.
22:22:34.264 [main] INFO org.springframework.boot.test.context.SpringBootTestContextBootstrapper -- Found @SpringBootConfiguration com.example.card.CardApplication for test class com.example.card.CardApplicationTests

  .   ____          _            __ _ _
 /\\ / ___'_ __ _ _(_)_ __  __ _ \ \ \ \
( ( )\___ | '_ | '_| | '_ \/ _` | \ \ \ \
 \\/  ___)| |_)| | | | | || (_| |  ) ) ) )
  '  |____| .__|_| |_|_| |_\__, | / / / /
 =========|_|==============|___/=/_/_/_/
 :: Spring Boot ::       (v3.1.1-SNAPSHOT)

2023-06-12T22:22:35.093+03:00  INFO 1273 --- [           main] com.example.card.CardApplicationTests    : Starting CardApplicationTests using Java 18.0.2 with PID 1273 (started by optimus-prime in /Users/optimus-prime/Optimus/projects/card)
2023-06-12T22:22:35.095+03:00  INFO 1273 --- [           main] com.example.card.CardApplicationTests    : No active profile set, falling back to 1 default profile: "default"
2023-06-12T22:22:36.858+03:00  INFO 1273 --- [           main] .s.d.r.c.RepositoryConfigurationDelegate : Bootstrapping Spring Data JPA repositories in DEFAULT mode.
2023-06-12T22:22:36.970+03:00  INFO 1273 --- [           main] .s.d.r.c.RepositoryConfigurationDelegate : Finished Spring Data repository scanning in 103 ms. Found 2 JPA repository interfaces.
2023-06-12T22:22:38.513+03:00  INFO 1273 --- [           main] o.hibernate.jpa.internal.util.LogHelper  : HHH000204: Processing PersistenceUnitInfo [name: default]
2023-06-12T22:22:38.584+03:00  INFO 1273 --- [           main] org.hibernate.Version                    : HHH000412: Hibernate ORM core version 6.2.4.Final
2023-06-12T22:22:38.588+03:00  INFO 1273 --- [           main] org.hibernate.cfg.Environment            : HHH000406: Using bytecode reflection optimizer
2023-06-12T22:22:38.767+03:00  INFO 1273 --- [           main] o.h.b.i.BytecodeProviderInitiator        : HHH000021: Bytecode provider name : bytebuddy
2023-06-12T22:22:38.960+03:00  INFO 1273 --- [           main] o.s.o.j.p.SpringPersistenceUnitInfo      : No LoadTimeWeaver setup: ignoring JPA class transformer
2023-06-12T22:22:38.984+03:00  INFO 1273 --- [           main] com.zaxxer.hikari.HikariDataSource       : HikariPool-1 - Starting...
2023-06-12T22:22:39.165+03:00  INFO 1273 --- [           main] com.zaxxer.hikari.pool.HikariPool        : HikariPool-1 - Added connection org.postgresql.jdbc.PgConnection@7c9beb51
2023-06-12T22:22:39.170+03:00  INFO 1273 --- [           main] com.zaxxer.hikari.HikariDataSource       : HikariPool-1 - Start completed.
2023-06-12T22:22:39.596+03:00  INFO 1273 --- [           main] o.h.b.i.BytecodeProviderInitiator        : HHH000021: Bytecode provider name : bytebuddy
2023-06-12T22:22:40.458+03:00  INFO 1273 --- [           main] o.h.e.t.j.p.i.JtaPlatformInitiator       : HHH000490: Using JtaPlatform implementation: [org.hibernate.engine.transaction.jta.platform.internal.NoJtaPlatform]
2023-06-12T22:22:40.578+03:00  INFO 1273 --- [           main] j.LocalContainerEntityManagerFactoryBean : Initialized JPA EntityManagerFactory for persistence unit 'default'
2023-06-12T22:22:41.556+03:00  WARN 1273 --- [           main] JpaBaseConfiguration$JpaWebConfiguration : spring.jpa.open-in-view is enabled by default. Therefore, database queries may be performed during view rendering. Explicitly configure spring.jpa.open-in-view to disable this warning
2023-06-12T22:22:41.613+03:00  WARN 1273 --- [           main] .s.s.UserDetailsServiceAutoConfiguration : 

Using generated security password: d1eead2e-6894-4681-b0bb-8af422dec57f

This generated password is for development use only. Your security configuration must be updated before running your application in production.

2023-06-12T22:22:42.321+03:00  INFO 1273 --- [           main] o.s.s.web.DefaultSecurityFilterChain     : Will secure any request with [org.springframework.security.web.session.DisableEncodeUrlFilter@37a14aa1, org.springframework.security.web.context.request.async.WebAsyncManagerIntegrationFilter@6ac4f31d, org.springframework.security.web.context.SecurityContextHolderFilter@1a56f608, org.springframework.security.web.header.HeaderWriterFilter@1574f323, org.springframework.security.web.authentication.logout.LogoutFilter@394950ad, org.springframework.security.web.authentication.UsernamePasswordAuthenticationFilter@4b518645, org.springframework.security.web.authentication.ui.DefaultLoginPageGeneratingFilter@69ae7632, org.springframework.security.web.authentication.ui.DefaultLogoutPageGeneratingFilter@106f2425, org.springframework.security.web.savedrequest.RequestCacheAwareFilter@b9c9bf5, org.springframework.security.web.servletapi.SecurityContextHolderAwareRequestFilter@3b399f5a, org.springframework.security.web.authentication.AnonymousAuthenticationFilter@b666366, org.springframework.security.web.access.ExceptionTranslationFilter@498503cb, org.springframework.security.web.access.intercept.FilterSecurityInterceptor@4172c967]
2023-06-12T22:22:43.456+03:00  INFO 1273 --- [           main] com.example.card.CardApplicationTests    : Started CardApplicationTests in 8.956 seconds (process running for 10.874)
]]></system-out>
  </testcase>
</testsuite>